<?xml version="1.0" encoding="UTF-8"?>
<!-- Generated by org.testng.reporters.JUnitReportReporter -->
<testsuite hostname="Balaji" failures="0" tests="1" name="com.harman.test.LoginUserInterfaceTest" time="22.257" errors="0" timestamp="2022-04-20T13:20:35 IST" skipped="0">
  <testcase classname="com.harman.test.LoginUserInterfaceTest" name="validateTitleTest" time="22.257"/>
  <system-out>
    <![CDATA[validateTitleTest done - OrangeHRM]]>
  </system-out>
</testsuite> <!-- com.harman.test.LoginUserInterfaceTest -->
