<?xml version="1.0" encoding="UTF-8"?>
<!-- Generated by org.testng.reporters.JUnitReportReporter -->
<testsuite hostname="Balaji" failures="0" tests="2" name="com.harman.test.LoginTest" time="54.055" errors="0" timestamp="2022-04-20T12:38:44 IST" skipped="0">
  <testcase classname="com.harman.test.LoginTest" name="invalidCredentialTest" time="31.062"/>
  <system-out/>
  <testcase classname="com.harman.test.LoginTest" name="invalidCredentialTest" time="22.993"/>
  <system-out/>
</testsuite> <!-- com.harman.test.LoginTest -->
