<?xml version="1.0" encoding="UTF-8"?>
<!-- Generated by org.testng.reporters.JUnitReportReporter -->
<testsuite hostname="Balaji" failures="0" tests="3" name="com.harman.test.DemoTest" time="11.948" errors="0" timestamp="2022-04-20T12:19:15 IST" skipped="0">
  <testcase classname="com.harman.test.DemoTest" name="invalidTest" time="1.497"/>
  <system-out/>
  <testcase classname="com.harman.test.DemoTest" name="invalidTest" time="1.253"/>
  <system-out/>
  <testcase classname="com.harman.test.DemoTest" name="invalidTest" time="9.198"/>
  <system-out/>
</testsuite> <!-- com.harman.test.DemoTest -->
